--- Copying files at Wed Aug  7 22:35:44 UTC 2024
--- Copied files finished at Wed Aug  7 22:35:44 UTC 2024
--- Copying files at Wed Aug  7 22:38:10 UTC 2024
--- Copied files finished at Wed Aug  7 22:38:10 UTC 2024
--- Copying files at Wed Aug  7 22:43:31 UTC 2024
--- Copied files finished at Wed Aug  7 22:43:31 UTC 2024
--- Copying files at Thu Aug  8 01:43:19 UTC 2024
--- Copied files finished at Thu Aug  8 01:43:19 UTC 2024
--- Copying files at Thu Aug  8 11:20:19 UTC 2024
--- Copied files finished at Thu Aug  8 11:20:19 UTC 2024
--- Copying files at Fri Aug  9 21:04:58 UTC 2024
--- Copied files finished at Fri Aug  9 21:04:58 UTC 2024
--- Copying files at Wed Aug 14 18:47:52 UTC 2024
--- Copied files finished at Wed Aug 14 18:47:52 UTC 2024
--- Copying files at Thu Aug 15 13:13:32 UTC 2024
--- Copied files finished at Thu Aug 15 13:13:32 UTC 2024
--- Copying files at Fri Aug 16 19:29:46 UTC 2024
--- Copied files finished at Fri Aug 16 19:29:46 UTC 2024
--- Copying files at Sun Aug 18 14:45:43 UTC 2024
--- Copied files finished at Sun Aug 18 14:45:43 UTC 2024
--- Copying files at Tue Aug 20 13:34:25 UTC 2024
--- Copied files finished at Tue Aug 20 13:34:25 UTC 2024
